[0m13:21:15.674099 [debug] [MainThread]: Sending event: {'category': 'dbt', 'action': 'invocation', 'label': 'start', 'context': [<snowplow_tracker.self_describing_json.SelfDescribingJson object at 0x7f88a5797250>, <snowplow_tracker.self_describing_json.SelfDescribingJson object at 0x7f88a39499c0>, <snowplow_tracker.self_describing_json.SelfDescribingJson object at 0x7f88a3949960>]}


============================== 13:21:15.677076 | 0dc1b01c-cb7f-467f-b5c1-322a4627ed8d ==============================
[0m13:21:15.677076 [info ] [MainThread]: Running with dbt=1.7.8
[0m13:21:15.677866 [debug] [MainThread]: running dbt with arguments {'printer_width': '80', 'indirect_selection': 'eager', 'log_cache_events': 'False', 'write_json': 'True', 'partial_parse': 'True', 'cache_selected_only': 'False', 'profiles_dir': '/home/julian/.dbt', 'fail_fast': 'False', 'debug': 'False', 'log_path': 'logs', 'warn_error': 'None', 'version_check': 'True', 'use_colors': 'True', 'use_experimental_parser': 'False', 'no_print': 'None', 'quiet': 'False', 'warn_error_options': 'WarnErrorOptions(include=[], exclude=[])', 'introspect': 'True', 'invocation_command': 'dbt init', 'log_format': 'default', 'target_path': 'None', 'static_parser': 'True', 'send_anonymous_usage_stats': 'True'}
[0m13:22:05.243773 [debug] [MainThread]: Starter project path: /home/julian/.local/lib/python3.10/site-packages/dbt/include/starter_project
[0m13:22:05.251176 [info ] [MainThread]: 
Your new dbt project "taxi_rides_ny" was created!

For more information on how to configure the profiles.yml file,
please consult the dbt documentation here:

  https://docs.getdbt.com/docs/configure-your-profile

One more thing:

Need help? Don't hesitate to reach out to us via GitHub issues or on Slack:

  https://community.getdbt.com/

Happy modeling!

[0m13:22:05.252522 [info ] [MainThread]: Setting up your profile.
[0m13:23:04.451065 [debug] [MainThread]: Resource report: {"command_name": "init", "command_success": true, "command_wall_clock_time": 108.826324, "process_user_time": 2.253141, "process_kernel_time": 0.112056, "process_mem_max_rss": "92988", "process_out_blocks": "72", "process_in_blocks": "0"}
[0m13:23:04.454463 [debug] [MainThread]: Command `dbt init` succeeded at 13:23:04.453641 after 108.83 seconds
[0m13:23:04.456921 [debug] [MainThread]: Sending event: {'category': 'dbt', 'action': 'invocation', 'label': 'end', 'context': [<snowplow_tracker.self_describing_json.SelfDescribingJson object at 0x7f88a5797250>, <snowplow_tracker.self_describing_json.SelfDescribingJson object at 0x7f88a39499f0>, <snowplow_tracker.self_describing_json.SelfDescribingJson object at 0x7f88a394a710>]}
[0m13:23:04.459555 [debug] [MainThread]: Flushing usage events
[0m13:26:28.871648 [debug] [MainThread]: Sending event: {'category': 'dbt', 'action': 'invocation', 'label': 'start', 'context': [<snowplow_tracker.self_describing_json.SelfDescribingJson object at 0x7f1f919f3220>, <snowplow_tracker.self_describing_json.SelfDescribingJson object at 0x7f1f8fe89960>, <snowplow_tracker.self_describing_json.SelfDescribingJson object at 0x7f1f8fe89900>]}


============================== 13:26:28.874416 | e848e157-80a1-4596-9e52-9652370ed5ef ==============================
[0m13:26:28.874416 [info ] [MainThread]: Running with dbt=1.7.8
[0m13:26:28.875604 [debug] [MainThread]: running dbt with arguments {'printer_width': '80', 'indirect_selection': 'eager', 'log_cache_events': 'False', 'write_json': 'True', 'partial_parse': 'True', 'cache_selected_only': 'False', 'profiles_dir': '/home/julian/.dbt', 'fail_fast': 'False', 'debug': 'False', 'log_path': 'logs', 'version_check': 'True', 'warn_error': 'None', 'use_colors': 'True', 'use_experimental_parser': 'False', 'no_print': 'None', 'quiet': 'False', 'log_format': 'default', 'introspect': 'True', 'invocation_command': 'dbt debug', 'warn_error_options': 'WarnErrorOptions(include=[], exclude=[])', 'target_path': 'None', 'static_parser': 'True', 'send_anonymous_usage_stats': 'True'}
[0m13:26:28.876438 [info ] [MainThread]: dbt version: 1.7.8
[0m13:26:28.877188 [info ] [MainThread]: python version: 3.10.12
[0m13:26:28.877898 [info ] [MainThread]: python path: /usr/bin/python3
[0m13:26:28.878658 [info ] [MainThread]: os info: Linux-6.5.0-17-generic-x86_64-with-glibc2.35
[0m13:26:28.982176 [info ] [MainThread]: Using profiles dir at /home/julian/.dbt
[0m13:26:28.982980 [info ] [MainThread]: Using profiles.yml file at /home/julian/.dbt/profiles.yml
[0m13:26:28.983757 [info ] [MainThread]: Using dbt_project.yml file at /home/julian/Documents/jcZoomcamp2024/04-Analytics Engineering/dbt_project.yml
[0m13:26:28.984620 [info ] [MainThread]: adapter type: postgres
[0m13:26:28.985342 [info ] [MainThread]: adapter version: 1.7.8
[0m13:26:28.986331 [info ] [MainThread]: Configuration:
[0m13:26:28.987145 [info ] [MainThread]:   profiles.yml file [[32mOK found and valid[0m]
[0m13:26:28.987936 [info ] [MainThread]:   dbt_project.yml file [[31mERROR not found[0m]
[0m13:26:28.988728 [info ] [MainThread]: Required dependencies:
[0m13:26:28.989455 [debug] [MainThread]: Executing "git --help"
[0m13:26:28.992107 [debug] [MainThread]: STDOUT: "b"usage: git [--version] [--help] [-C <path>] [-c <name>=<value>]\n           [--exec-path[=<path>]] [--html-path] [--man-path] [--info-path]\n           [-p | --paginate | -P | --no-pager] [--no-replace-objects] [--bare]\n           [--git-dir=<path>] [--work-tree=<path>] [--namespace=<name>]\n           [--super-prefix=<path>] [--config-env=<name>=<envvar>]\n           <command> [<args>]\n\nThese are common Git commands used in various situations:\n\nstart a working area (see also: git help tutorial)\n   clone     Clone a repository into a new directory\n   init      Create an empty Git repository or reinitialize an existing one\n\nwork on the current change (see also: git help everyday)\n   add       Add file contents to the index\n   mv        Move or rename a file, a directory, or a symlink\n   restore   Restore working tree files\n   rm        Remove files from the working tree and from the index\n\nexamine the history and state (see also: git help revisions)\n   bisect    Use binary search to find the commit that introduced a bug\n   diff      Show changes between commits, commit and working tree, etc\n   grep      Print lines matching a pattern\n   log       Show commit logs\n   show      Show various types of objects\n   status    Show the working tree status\n\ngrow, mark and tweak your common history\n   branch    List, create, or delete branches\n   commit    Record changes to the repository\n   merge     Join two or more development histories together\n   rebase    Reapply commits on top of another base tip\n   reset     Reset current HEAD to the specified state\n   switch    Switch branches\n   tag       Create, list, delete or verify a tag object signed with GPG\n\ncollaborate (see also: git help workflows)\n   fetch     Download objects and refs from another repository\n   pull      Fetch from and integrate with another repository or a local branch\n   push      Update remote refs along with associated objects\n\n'git help -a' and 'git help -g' list available subcommands and some\nconcept guides. See 'git help <command>' or 'git help <concept>'\nto read about a specific subcommand or concept.\nSee 'git help git' for an overview of the system.\n""
[0m13:26:28.992750 [debug] [MainThread]: STDERR: "b''"
[0m13:26:28.993339 [info ] [MainThread]:  - git [[32mOK found[0m]

[0m13:26:28.994305 [info ] [MainThread]: Connection:
[0m13:26:28.994938 [info ] [MainThread]:   host: localhost
[0m13:26:28.995625 [info ] [MainThread]:   port: 5432
[0m13:26:28.996337 [info ] [MainThread]:   user: postgres
[0m13:26:28.997045 [info ] [MainThread]:   database: postgres
[0m13:26:28.997702 [info ] [MainThread]:   schema: mage
[0m13:26:28.998336 [info ] [MainThread]:   connect_timeout: 10
[0m13:26:28.998998 [info ] [MainThread]:   role: None
[0m13:26:28.999694 [info ] [MainThread]:   search_path: None
[0m13:26:29.000290 [info ] [MainThread]:   keepalives_idle: 0
[0m13:26:29.000848 [info ] [MainThread]:   sslmode: None
[0m13:26:29.001779 [info ] [MainThread]:   sslcert: None
[0m13:26:29.002792 [info ] [MainThread]:   sslkey: None
[0m13:26:29.003850 [info ] [MainThread]:   sslrootcert: None
[0m13:26:29.004674 [info ] [MainThread]:   application_name: dbt
[0m13:26:29.005604 [info ] [MainThread]:   retries: 1
[0m13:26:29.006631 [info ] [MainThread]: Registered adapter: postgres=1.7.8
[0m13:26:29.007586 [debug] [MainThread]: Acquiring new postgres connection 'debug'
[0m13:26:29.008144 [debug] [MainThread]: Using postgres connection "debug"
[0m13:26:29.008663 [debug] [MainThread]: On debug: select 1 as id
[0m13:26:29.009267 [debug] [MainThread]: Opening a new connection, currently in state init
[0m13:26:29.020780 [debug] [MainThread]: SQL status: SELECT 1 in 0.0 seconds
[0m13:26:29.022065 [debug] [MainThread]: On debug: Close
[0m13:26:29.022759 [info ] [MainThread]:   Connection test: [[32mOK connection ok[0m]

[0m13:26:29.023499 [info ] [MainThread]: [31m1 check failed:[0m
[0m13:26:29.024140 [info ] [MainThread]: Project loading failed for the following reason:
 project path </home/julian/Documents/jcZoomcamp2024/04-Analytics Engineering/dbt_project.yml> not found

[0m13:26:29.025656 [debug] [MainThread]: Resource report: {"command_name": "debug", "command_wall_clock_time": 0.20091648, "process_user_time": 2.395192, "process_kernel_time": 0.148197, "process_mem_max_rss": "100504", "process_out_blocks": "24", "command_success": false, "process_in_blocks": "0"}
[0m13:26:29.026589 [debug] [MainThread]: Command `dbt debug` failed at 13:26:29.026360 after 0.20 seconds
[0m13:26:29.027163 [debug] [MainThread]: Connection 'debug' was properly closed.
[0m13:26:29.027814 [debug] [MainThread]: Sending event: {'category': 'dbt', 'action': 'invocation', 'label': 'end', 'context': [<snowplow_tracker.self_describing_json.SelfDescribingJson object at 0x7f1f919f3220>, <snowplow_tracker.self_describing_json.SelfDescribingJson object at 0x7f1f906748b0>, <snowplow_tracker.self_describing_json.SelfDescribingJson object at 0x7f1f8fd1b730>]}
[0m13:26:29.028585 [debug] [MainThread]: Flushing usage events
